6 ESLint rules behave differently from their TSLint counterparts:
  * brace-style:
    - ESLint's brace-style will check all tokens.
  * camelcase:
    - Leading and trailing underscores (_) in variable names will now be ignored.
  * no-console:
    - Custom console methods, if they exist, will no longer be allowed.
  * @typescript-eslint/no-unused-expressions:
    - The TSLint optional config "allow-new" is the default ESLint behavior and will no longer be ignored.
  * eqeqeq:
    - Option "smart" allows for comparing two literal values, evaluating the value of typeof and null comparisons.
  * no-underscore-dangle:
    - Leading or trailing underscores (_) on identifiers will now be forbidden.

Could not resolve ESLint extension 'eslint-plugin-google'.: Error: Cannot find module 'C:\skoll\skoll.front\eslint-plugin-google'
Require stack:
- C:\Users\Elizelton\AppData\Roaming\npm-cache\_npx\11380\node_modules\tslint-to-eslint-config\src\adapters\nativeImporter.js
- C:\Users\Elizelton\AppData\Roaming\npm-cache\_npx\11380\node_modules\tslint-to-eslint-config\src\cli\main.js
- C:\Users\Elizelton\AppData\Roaming\npm-cache\_npx\11380\node_modules\tslint-to-eslint-config\bin\tslint-to-eslint-config
    at Function.Module._resolveFilename (internal/modules/cjs/loader.js:966:15)
    at Function.Module._load (internal/modules/cjs/loader.js:842:27)
    at Module.require (internal/modules/cjs/loader.js:1026:19)
    at require (internal/modules/cjs/helpers.js:72:18)
    at C:\Users\Elizelton\AppData\Roaming\npm-cache\_npx\11380\node_modules\tslint-to-eslint-config\src\adapters\nativeImporter.js:25:64
    at processTicksAndRejections (internal/process/task_queues.js:97:5)
    at async Object.exports.nativeImporter (C:\Users\Elizelton\AppData\Roaming\npm-cache\_npx\11380\node_modules\tslint-to-eslint-config\src\adapters\nativeImporter.js:25:16)
    at async importFile (C:\Users\Elizelton\AppData\Roaming\npm-cache\_npx\11380\node_modules\tslint-to-eslint-config\src\input\importer.js:32:20)
    at async exports.importer (C:\Users\Elizelton\AppData\Roaming\npm-cache\_npx\11380\node_modules\tslint-to-eslint-config\src\input\importer.js:50:28)
    at async C:\Users\Elizelton\AppData\Roaming\npm-cache\_npx\11380\node_modules\tslint-to-eslint-config\src\creation\summarization\retrieveExtendsValues.js:50:26


2 rules are not known by tslint-to-eslint-config to have ESLint equivalents:
  * tslint-to-eslint-config does not know the ESLint equivalent for TSLint's "import-spacing".
  * tslint-to-eslint-config does not know the ESLint equivalent for TSLint's "whitespace".

